<?xml version="1.0" encoding="windows-1252" standalone="no"?>
<!DOCTYPE log SYSTEM "logger.dtd">
<log>
<record>
  <date>2021-07-30T19:22:07</date>
  <millis>1627665727791</millis>
  <sequence>5</sequence>
  <logger>ESPlorer.ESPlorer</logger>
  <level>INFO</level>
  <class>ESPlorer.ESPlorer</class>
  <method>log</method>
  <thread>13</thread>
  <message>LAFcom.sun.java.swing.plaf.windows.WindowsLookAndFeel</message>
</record>
<record>
  <date>2021-07-30T19:22:07</date>
  <millis>1627665727792</millis>
  <sequence>6</sequence>
  <logger>ESPlorer.ESPlorer</logger>
  <level>INFO</level>
  <class>ESPlorer.ESPlorer</class>
  <method>log</method>
  <thread>13</thread>
  <message>LAFcom.sun.java.swing.plaf.windows.WindowsClassicLookAndFeel</message>
</record>
<record>
  <date>2021-07-30T19:22:07</date>
  <millis>1627665727798</millis>
  <sequence>7</sequence>
  <logger>ESPlorer.ESPlorer</logger>
  <level>INFO</level>
  <class>ESPlorer.ESPlorer</class>
  <method>log</method>
  <thread>13</thread>
  <message>LAFcom.sun.java.swing.plaf.motif.MotifLookAndFeel</message>
</record>
<record>
  <date>2021-07-30T19:22:07</date>
  <millis>1627665727798</millis>
  <sequence>8</sequence>
  <logger>ESPlorer.ESPlorer</logger>
  <level>INFO</level>
  <class>ESPlorer.ESPlorer</class>
  <method>log</method>
  <thread>13</thread>
  <message>LAFjavax.swing.plaf.nimbus.NimbusLookAndFeel</message>
</record>
<record>
  <date>2021-07-30T19:22:07</date>
  <millis>1627665727799</millis>
  <sequence>9</sequence>
  <logger>ESPlorer.ESPlorer</logger>
  <level>INFO</level>
  <class>ESPlorer.ESPlorer</class>
  <method>log</method>
  <thread>13</thread>
  <message>LAFjavax.swing.plaf.metal.MetalLookAndFeel</message>
</record>
<record>
  <date>2021-07-30T19:22:07</date>
  <millis>1627665727989</millis>
  <sequence>10</sequence>
  <logger>ESPlorer.ESPlorer</logger>
  <level>INFO</level>
  <class>ESPlorer.ESPlorer</class>
  <method>log</method>
  <thread>13</thread>
  <message>Load saved settings: Firmware:NodeMCU</message>
</record>
<record>
  <date>2021-07-30T19:22:07</date>
  <millis>1627665727996</millis>
  <sequence>11</sequence>
  <logger>ESPlorer.ESPlorer</logger>
  <level>INFO</level>
  <class>ESPlorer.ESPlorer</class>
  <method>log</method>
  <thread>13</thread>
  <message>Snippets: loading...</message>
</record>
<record>
  <date>2021-07-30T19:22:07</date>
  <millis>1627665727999</millis>
  <sequence>12</sequence>
  <logger>ESPlorer.ESPlorer</logger>
  <level>INFO</level>
  <class>ESPlorer.ESPlorer</class>
  <method>log</method>
  <thread>13</thread>
  <message>Snippets load: Success.</message>
</record>
<record>
  <date>2021-07-30T19:22:08</date>
  <millis>1627665728029</millis>
  <sequence>13</sequence>
  <logger>ESPlorer.ESPlorer</logger>
  <level>INFO</level>
  <class>ESPlorer.ESPlorer</class>
  <method>log</method>
  <thread>13</thread>
  <message>Set new color theme: Success.</message>
</record>
<record>
  <date>2021-07-30T19:22:08</date>
  <millis>1627665728032</millis>
  <sequence>14</sequence>
  <logger>ESPlorer.ESPlorer</logger>
  <level>INFO</level>
  <class>ESPlorer.ESPlorer</class>
  <method>log</method>
  <thread>13</thread>
  <message>Load saved settings: DONE.</message>
</record>
<record>
  <date>2021-07-30T19:22:08</date>
  <millis>1627665728034</millis>
  <sequence>15</sequence>
  <logger>ESPlorer.ESPlorer</logger>
  <level>INFO</level>
  <class>ESPlorer.ESPlorer</class>
  <method>log</method>
  <thread>13</thread>
  <message>Snippets: loading...</message>
</record>
<record>
  <date>2021-07-30T19:22:08</date>
  <millis>1627665728036</millis>
  <sequence>16</sequence>
  <logger>ESPlorer.ESPlorer</logger>
  <level>INFO</level>
  <class>ESPlorer.ESPlorer</class>
  <method>log</method>
  <thread>13</thread>
  <message>Snippets load: Success.</message>
</record>
<record>
  <date>2021-07-30T19:22:08</date>
  <millis>1627665728244</millis>
  <sequence>17</sequence>
  <logger>ESPlorer.ESPlorer</logger>
  <level>INFO</level>
  <class>ESPlorer.ESPlorer</class>
  <method>log</method>
  <thread>13</thread>
  <message>Scan system...</message>
</record>
<record>
  <date>2021-07-30T19:22:08</date>
  <millis>1627665728463</millis>
  <sequence>18</sequence>
  <logger>ESPlorer.ESPlorer</logger>
  <level>INFO</level>
  <class>ESPlorer.ESPlorer</class>
  <method>log</method>
  <thread>13</thread>
  <message>found COM1</message>
</record>
<record>
  <date>2021-07-30T19:22:08</date>
  <millis>1627665728464</millis>
  <sequence>19</sequence>
  <logger>ESPlorer.ESPlorer</logger>
  <level>INFO</level>
  <class>ESPlorer.ESPlorer</class>
  <method>log</method>
  <thread>13</thread>
  <message>found last saved serial port COM3</message>
</record>
<record>
  <date>2021-07-30T19:22:08</date>
  <millis>1627665728465</millis>
  <sequence>20</sequence>
  <logger>ESPlorer.ESPlorer</logger>
  <level>INFO</level>
  <class>ESPlorer.ESPlorer</class>
  <method>log</method>
  <thread>13</thread>
  <message>Scan done.</message>
</record>
<record>
  <date>2021-07-30T19:22:09</date>
  <millis>1627665729522</millis>
  <sequence>21</sequence>
  <logger>ESPlorer.ESPlorer</logger>
  <level>INFO</level>
  <class>ESPlorer.ESPlorer</class>
  <method>log</method>
  <thread>13</thread>
  <message>Serial port COM3 save as default.</message>
</record>
<record>
  <date>2021-07-30T19:22:09</date>
  <millis>1627665729523</millis>
  <sequence>22</sequence>
  <logger>ESPlorer.ESPlorer</logger>
  <level>INFO</level>
  <class>ESPlorer.ESPlorer</class>
  <method>log</method>
  <thread>13</thread>
  <message>Baud rate 115200 save as default.</message>
</record>
<record>
  <date>2021-07-30T19:22:09</date>
  <millis>1627665729525</millis>
  <sequence>23</sequence>
  <logger>ESPlorer.ESPlorer</logger>
  <level>INFO</level>
  <class>ESPlorer.ESPlorer</class>
  <method>log</method>
  <thread>13</thread>
  <message>Try to open port COM3, baud 115200, 8N1</message>
</record>
<record>
  <date>2021-07-30T19:22:09</date>
  <millis>1627665729625</millis>
  <sequence>24</sequence>
  <logger>ESPlorer.ESPlorer</logger>
  <level>INFO</level>
  <class>ESPlorer.ESPlorer</class>
  <method>log</method>
  <thread>13</thread>
  <message>Open port COM3 - Success.</message>
</record>
<record>
  <date>2021-07-30T19:22:12</date>
  <millis>1627665732640</millis>
  <sequence>25</sequence>
  <logger>ESPlorer.ESPlorer</logger>
  <level>INFO</level>
  <class>ESPlorer.ESPlorer</class>
  <method>log</method>
  <thread>13</thread>
  <message>sending:&lt;CR&gt;&lt;LF&gt;</message>
</record>
<record>
  <date>2021-07-30T19:22:15</date>
  <millis>1627665735967</millis>
  <sequence>26</sequence>
  <logger>ESPlorer.ESPlorer</logger>
  <level>INFO</level>
  <class>ESPlorer.ESPlorer</class>
  <method>log</method>
  <thread>13</thread>
  <message>ERROR: Communication with MCU not yet established.</message>
</record>
<record>
  <date>2021-07-30T19:22:17</date>
  <millis>1627665737139</millis>
  <sequence>27</sequence>
  <logger>ESPlorer.ESPlorer</logger>
  <level>INFO</level>
  <class>ESPlorer.ESPlorer</class>
  <method>log</method>
  <thread>13</thread>
  <message>ERROR: Communication with MCU not yet established.</message>
</record>
<record>
  <date>2021-07-30T19:22:17</date>
  <millis>1627665737694</millis>
  <sequence>28</sequence>
  <logger>ESPlorer.ESPlorer</logger>
  <level>INFO</level>
  <class>ESPlorer.ESPlorer</class>
  <method>log</method>
  <thread>13</thread>
  <message>ERROR: Communication with MCU not yet established.</message>
</record>
<record>
  <date>2021-07-30T19:22:57</date>
  <millis>1627665777964</millis>
  <sequence>29</sequence>
  <logger>ESPlorer.ESPlorer</logger>
  <level>INFO</level>
  <class>ESPlorer.ESPlorer</class>
  <method>log</method>
  <thread>13</thread>
  <message>sending:r,u,t=file.fsinfo() print("Total : "..t.." bytes\r\nUsed  : "..u.." bytes\r\nRemain: "..r.." bytes\r\n") r=nil u=nil t=nil&lt;CR&gt;&lt;LF&gt;</message>
</record>
<record>
  <date>2021-07-30T19:23:03</date>
  <millis>1627665783040</millis>
  <sequence>30</sequence>
  <logger>ESPlorer.ESPlorer</logger>
  <level>INFO</level>
  <class>ESPlorer.ESPlorer</class>
  <method>log</method>
  <thread>13</thread>
  <message>FileManager: Add EventListener: Success.</message>
</record>
<record>
  <date>2021-07-30T19:23:03</date>
  <millis>1627665783043</millis>
  <sequence>31</sequence>
  <logger>ESPlorer.ESPlorer</logger>
  <level>INFO</level>
  <class>ESPlorer.ESPlorer</class>
  <method>log</method>
  <thread>13</thread>
  <message>FileManager: Starting...</message>
</record>
<record>
  <date>2021-07-30T19:23:03</date>
  <millis>1627665783081</millis>
  <sequence>32</sequence>
  <logger>ESPlorer.ESPlorer</logger>
  <level>INFO</level>
  <class>ESPlorer.ESPlorer</class>
  <method>log</method>
  <thread>13</thread>
  <message>sending: _dir=function() local k,v,l print("~~~File ".."list START~~~") for k,v in pairs(file.list()) do l = string.format("%-15s",k) print(l.." : "..v.." bytes") end print("~~~File ".."list END~~~") end _dir() _dir=nil</message>
</record>
<record>
  <date>2021-07-30T19:23:03</date>
  <millis>1627665783853</millis>
  <sequence>33</sequence>
  <logger>ESPlorer.ESPlorer</logger>
  <level>INFO</level>
  <class>ESPlorer.ESPlorer</class>
  <method>log</method>
  <thread>13</thread>
  <message>sending:r,u,t=file.fsinfo() print("Total : "..t.." bytes\r\nUsed  : "..u.." bytes\r\nRemain: "..r.." bytes\r\n") r=nil u=nil t=nil&lt;CR&gt;&lt;LF&gt;</message>
</record>
<record>
  <date>2021-07-30T19:23:06</date>
  <millis>1627665786091</millis>
  <sequence>34</sequence>
  <logger>ESPlorer.ESPlorer</logger>
  <level>INFO</level>
  <class>ESPlorer.ESPlorer</class>
  <method>log</method>
  <thread>13</thread>
  <message>Operation done. Duration = 59419 ms</message>
</record>
<record>
  <date>2021-07-30T19:23:06</date>
  <millis>1627665786092</millis>
  <sequence>35</sequence>
  <logger>ESPlorer.ESPlorer</logger>
  <level>INFO</level>
  <class>ESPlorer.ESPlorer</class>
  <method>log</method>
  <thread>13</thread>
  <message>Waiting answer from ESP - Timeout reached. Command aborted.</message>
</record>
<record>
  <date>2021-07-30T19:23:15</date>
  <millis>1627665795917</millis>
  <sequence>36</sequence>
  <logger>ESPlorer.ESPlorer</logger>
  <level>INFO</level>
  <class>ESPlorer.ESPlorer</class>
  <method>log</method>
  <thread>13</thread>
  <message>sending:r,u,t=file.fsinfo() print("Total : "..t.." bytes\r\nUsed  : "..u.." bytes\r\nRemain: "..r.." bytes\r\n") r=nil u=nil t=nil&lt;CR&gt;&lt;LF&gt;</message>
</record>
<record>
  <date>2021-07-30T19:23:16</date>
  <millis>1627665796558</millis>
  <sequence>37</sequence>
  <logger>ESPlorer.ESPlorer</logger>
  <level>INFO</level>
  <class>ESPlorer.ESPlorer</class>
  <method>log</method>
  <thread>13</thread>
  <message>sending:r,u,t=file.fsinfo() print("Total : "..t.." bytes\r\nUsed  : "..u.." bytes\r\nRemain: "..r.." bytes\r\n") r=nil u=nil t=nil&lt;CR&gt;&lt;LF&gt;</message>
</record>
<record>
  <date>2021-07-30T19:23:17</date>
  <millis>1627665797114</millis>
  <sequence>38</sequence>
  <logger>ESPlorer.ESPlorer</logger>
  <level>INFO</level>
  <class>ESPlorer.ESPlorer</class>
  <method>log</method>
  <thread>13</thread>
  <message>sending:r,u,t=file.fsinfo() print("Total : "..t.." bytes\r\nUsed  : "..u.." bytes\r\nRemain: "..r.." bytes\r\n") r=nil u=nil t=nil&lt;CR&gt;&lt;LF&gt;</message>
</record>
<record>
  <date>2021-07-30T19:23:17</date>
  <millis>1627665797632</millis>
  <sequence>39</sequence>
  <logger>ESPlorer.ESPlorer</logger>
  <level>INFO</level>
  <class>ESPlorer.ESPlorer</class>
  <method>log</method>
  <thread>13</thread>
  <message>FileManager: Add EventListener: Success.</message>
</record>
<record>
  <date>2021-07-30T19:23:17</date>
  <millis>1627665797637</millis>
  <sequence>40</sequence>
  <logger>ESPlorer.ESPlorer</logger>
  <level>INFO</level>
  <class>ESPlorer.ESPlorer</class>
  <method>log</method>
  <thread>13</thread>
  <message>FileManager: Starting...</message>
</record>
<record>
  <date>2021-07-30T19:23:17</date>
  <millis>1627665797667</millis>
  <sequence>41</sequence>
  <logger>ESPlorer.ESPlorer</logger>
  <level>INFO</level>
  <class>ESPlorer.ESPlorer</class>
  <method>log</method>
  <thread>13</thread>
  <message>sending: _dir=function() local k,v,l print("~~~File ".."list START~~~") for k,v in pairs(file.list()) do l = string.format("%-15s",k) print(l.." : "..v.." bytes") end print("~~~File ".."list END~~~") end _dir() _dir=nil</message>
</record>
<record>
  <date>2021-07-30T19:23:18</date>
  <millis>1627665798162</millis>
  <sequence>42</sequence>
  <logger>ESPlorer.ESPlorer</logger>
  <level>INFO</level>
  <class>ESPlorer.ESPlorer</class>
  <method>log</method>
  <thread>27</thread>
  <message>FileManager: File list found! Do parsing...</message>
</record>
<record>
  <date>2021-07-30T19:23:18</date>
  <millis>1627665798173</millis>
  <sequence>43</sequence>
  <logger>ESPlorer.ESPlorer</logger>
  <level>INFO</level>
  <class>ESPlorer.ESPlorer</class>
  <method>log</method>
  <thread>27</thread>
  <message>FileManager found file init.lua</message>
</record>
<record>
  <date>2021-07-30T19:23:18</date>
  <millis>1627665798176</millis>
  <sequence>44</sequence>
  <logger>ESPlorer.ESPlorer</logger>
  <level>INFO</level>
  <class>ESPlorer.ESPlorer</class>
  <method>log</method>
  <thread>27</thread>
  <message>FileManager found file my-app.lc</message>
</record>
<record>
  <date>2021-07-30T19:23:18</date>
  <millis>1627665798179</millis>
  <sequence>45</sequence>
  <logger>ESPlorer.ESPlorer</logger>
  <level>INFO</level>
  <class>ESPlorer.ESPlorer</class>
  <method>log</method>
  <thread>27</thread>
  <message>FileManager found file my-led.lc</message>
</record>
<record>
  <date>2021-07-30T19:23:18</date>
  <millis>1627665798181</millis>
  <sequence>46</sequence>
  <logger>ESPlorer.ESPlorer</logger>
  <level>INFO</level>
  <class>ESPlorer.ESPlorer</class>
  <method>log</method>
  <thread>27</thread>
  <message>FileManager found file my-log-buffer.lc</message>
</record>
<record>
  <date>2021-07-30T19:23:18</date>
  <millis>1627665798184</millis>
  <sequence>47</sequence>
  <logger>ESPlorer.ESPlorer</logger>
  <level>INFO</level>
  <class>ESPlorer.ESPlorer</class>
  <method>log</method>
  <thread>27</thread>
  <message>FileManager found file my-log.lc</message>
</record>
<record>
  <date>2021-07-30T19:23:18</date>
  <millis>1627665798187</millis>
  <sequence>48</sequence>
  <logger>ESPlorer.ESPlorer</logger>
  <level>INFO</level>
  <class>ESPlorer.ESPlorer</class>
  <method>log</method>
  <thread>27</thread>
  <message>FileManager found file my-settings.lc</message>
</record>
<record>
  <date>2021-07-30T19:23:18</date>
  <millis>1627665798192</millis>
  <sequence>49</sequence>
  <logger>ESPlorer.ESPlorer</logger>
  <level>INFO</level>
  <class>ESPlorer.ESPlorer</class>
  <method>log</method>
  <thread>27</thread>
  <message>FileManager found file my-tally.lc</message>
</record>
<record>
  <date>2021-07-30T19:23:18</date>
  <millis>1627665798195</millis>
  <sequence>50</sequence>
  <logger>ESPlorer.ESPlorer</logger>
  <level>INFO</level>
  <class>ESPlorer.ESPlorer</class>
  <method>log</method>
  <thread>27</thread>
  <message>FileManager found file my-wifi.lc</message>
</record>
<record>
  <date>2021-07-30T19:23:18</date>
  <millis>1627665798198</millis>
  <sequence>51</sequence>
  <logger>ESPlorer.ESPlorer</logger>
  <level>INFO</level>
  <class>ESPlorer.ESPlorer</class>
  <method>log</method>
  <thread>27</thread>
  <message>FileManager found file tally-settings.ini</message>
</record>
<record>
  <date>2021-07-30T19:23:18</date>
  <millis>1627665798200</millis>
  <sequence>52</sequence>
  <logger>ESPlorer.ESPlorer</logger>
  <level>INFO</level>
  <class>ESPlorer.ESPlorer</class>
  <method>log</method>
  <thread>27</thread>
  <message>FileManager: File list parsing done, found 9 file(s).</message>
</record>
<record>
  <date>2021-07-30T19:23:18</date>
  <millis>1627665798234</millis>
  <sequence>53</sequence>
  <logger>ESPlorer.ESPlorer</logger>
  <level>INFO</level>
  <class>ESPlorer.ESPlorer</class>
  <method>log</method>
  <thread>27</thread>
  <message>sending:r,u,t=file.fsinfo() print("Total : "..t.." bytes\r\nUsed  : "..u.." bytes\r\nRemain: "..r.." bytes\r\n") r=nil u=nil t=nil&lt;CR&gt;&lt;LF&gt;</message>
</record>
<record>
  <date>2021-07-30T19:23:28</date>
  <millis>1627665808172</millis>
  <sequence>54</sequence>
  <logger>ESPlorer.ESPlorer</logger>
  <level>INFO</level>
  <class>ESPlorer.ESPlorer</class>
  <method>log</method>
  <thread>13</thread>
  <message>Close port COM3 - Success.</message>
</record>
<record>
  <date>2021-07-30T19:23:42</date>
  <millis>1627665822873</millis>
  <sequence>55</sequence>
  <logger>ESPlorer.ESPlorer</logger>
  <level>INFO</level>
  <class>ESPlorer.ESPlorer</class>
  <method>log</method>
  <thread>13</thread>
  <message>Serial port COM3 save as default.</message>
</record>
<record>
  <date>2021-07-30T19:23:42</date>
  <millis>1627665822874</millis>
  <sequence>56</sequence>
  <logger>ESPlorer.ESPlorer</logger>
  <level>INFO</level>
  <class>ESPlorer.ESPlorer</class>
  <method>log</method>
  <thread>13</thread>
  <message>Baud rate 115200 save as default.</message>
</record>
<record>
  <date>2021-07-30T19:23:42</date>
  <millis>1627665822875</millis>
  <sequence>57</sequence>
  <logger>ESPlorer.ESPlorer</logger>
  <level>INFO</level>
  <class>ESPlorer.ESPlorer</class>
  <method>log</method>
  <thread>13</thread>
  <message>Try to open port COM3, baud 115200, 8N1</message>
</record>
<record>
  <date>2021-07-30T19:23:42</date>
  <millis>1627665822961</millis>
  <sequence>58</sequence>
  <logger>ESPlorer.ESPlorer</logger>
  <level>INFO</level>
  <class>ESPlorer.ESPlorer</class>
  <method>log</method>
  <thread>13</thread>
  <message>Open port COM3 - Success.</message>
</record>
<record>
  <date>2021-07-30T19:23:45</date>
  <millis>1627665825969</millis>
  <sequence>59</sequence>
  <logger>ESPlorer.ESPlorer</logger>
  <level>INFO</level>
  <class>ESPlorer.ESPlorer</class>
  <method>log</method>
  <thread>13</thread>
  <message>sending:&lt;CR&gt;&lt;LF&gt;</message>
</record>
<record>
  <date>2021-07-30T19:25:30</date>
  <millis>1627665930543</millis>
  <sequence>60</sequence>
  <logger>ESPlorer.ESPlorer</logger>
  <level>INFO</level>
  <class>ESPlorer.ESPlorer</class>
  <method>log</method>
  <thread>13</thread>
  <message>Close port COM3 - Success.</message>
</record>
<record>
  <date>2021-07-30T19:26:01</date>
  <millis>1627665961902</millis>
  <sequence>61</sequence>
  <logger>ESPlorer.ESPlorer</logger>
  <level>INFO</level>
  <class>ESPlorer.ESPlorer</class>
  <method>log</method>
  <thread>13</thread>
  <message>Serial port COM3 save as default.</message>
</record>
<record>
  <date>2021-07-30T19:26:01</date>
  <millis>1627665961903</millis>
  <sequence>62</sequence>
  <logger>ESPlorer.ESPlorer</logger>
  <level>INFO</level>
  <class>ESPlorer.ESPlorer</class>
  <method>log</method>
  <thread>13</thread>
  <message>Baud rate 115200 save as default.</message>
</record>
<record>
  <date>2021-07-30T19:26:01</date>
  <millis>1627665961904</millis>
  <sequence>63</sequence>
  <logger>ESPlorer.ESPlorer</logger>
  <level>INFO</level>
  <class>ESPlorer.ESPlorer</class>
  <method>log</method>
  <thread>13</thread>
  <message>Try to open port COM3, baud 115200, 8N1</message>
</record>
<record>
  <date>2021-07-30T19:26:01</date>
  <millis>1627665961999</millis>
  <sequence>64</sequence>
  <logger>ESPlorer.ESPlorer</logger>
  <level>INFO</level>
  <class>ESPlorer.ESPlorer</class>
  <method>log</method>
  <thread>13</thread>
  <message>Open port COM3 - Success.</message>
</record>
<record>
  <date>2021-07-30T19:26:03</date>
  <millis>1627665963826</millis>
  <sequence>65</sequence>
  <logger>ESPlorer.ESPlorer</logger>
  <level>INFO</level>
  <class>ESPlorer.ESPlorer</class>
  <method>log</method>
  <thread>13</thread>
  <message>Close port COM3 - Success.</message>
</record>
</log>
